Ansys Lumerical 2020 R2 FDTD Solver Version 8.24.2387 (Windows 64bit)
 expires (month/day/year): 12/31/2035
using config file: Ansys Licensing set with ANSYSLMD_LICENSE_FILE
license host: 
current time: Mon Jun 23 22:51:38 2025
Running on host: Justin
host available memory (GB): 4.233196
All processes are communicating and ready to proceed to simulation...
Running fsp file: C:\Program Files\Lumerical\v202\bin\fdtd-engine-msmpi.exe -t 1 -remote C:/Users/justi/Jac ITB/ITB Semester 6/Optoelektronika/UAS/Perancangan Gerbang Logika Fotonik NAND/coupler_region.fsp
Starting meshing
Simulation size in gridpoints: 1 x 113 x 39
Refined 0 mesh cells (0%)
Completed meshing!
Meshing complete in 0 seconds of CPU time
Starting meshing
Simulation size in gridpoints: 1 x 113 x 39
Refined 0 mesh cells (0%)
Completed meshing!
Meshing complete in 0.015625 seconds of CPU time
Starting meshing
Simulation size in gridpoints: 1 x 113 x 39
Refined 0 mesh cells (0%)
Completed meshing!
Meshing complete in 0 seconds of CPU time
Starting meshing
Simulation size in gridpoints: 1 x 113 x 39
Refined 0 mesh cells (0%)
Completed meshing!
Meshing complete in 0 seconds of CPU time
Starting meshing
Simulation size in gridpoints: 1 x 113 x 39
Refined 0 mesh cells (0%)
Completed meshing!
Meshing complete in 0 seconds of CPU time
Starting meshing
Simulation size in gridpoints: 1 x 113 x 39
Refined 0 mesh cells (0%)
Completed meshing!
Meshing complete in 0 seconds of CPU time
left is a duplicate key.
bottom is a duplicate key.
z1 is a duplicate key.
z2 is a duplicate key.
Nx is a duplicate key.
Ny is a duplicate key.
Nz is a duplicate key.
Starting meshing
Simulation size in gridpoints: 1 x 113 x 39
Refined 0 mesh cells (0%)
Completed meshing!
Meshing complete in 0 seconds of CPU time
Starting meshing
Simulation size in gridpoints: 1 x 113 x 39
Refined 0 mesh cells (0%)
Completed meshing!
Meshing complete in 0.015625 seconds of CPU time
Starting meshing
Simulation size in gridpoints: 1 x 113 x 39
Refined 0 mesh cells (0%)
Completed meshing!
Meshing complete in 0 seconds of CPU time
Starting meshing
Simulation size in gridpoints: 1 x 113 x 39
Refined 0 mesh cells (0%)
Completed meshing!
Meshing complete in 0 seconds of CPU time
Starting meshing
Simulation size in gridpoints: 1 x 113 x 39
Refined 0 mesh cells (0%)
Completed meshing!
Meshing complete in 0 seconds of CPU time
Starting meshing
Simulation size in gridpoints: 1 x 113 x 39
Refined 0 mesh cells (0%)
Completed meshing!
Meshing complete in 0 seconds of CPU time
left is a duplicate key.
bottom is a duplicate key.
z1 is a duplicate key.
z2 is a duplicate key.
Nx is a duplicate key.
Ny is a duplicate key.
Nz is a duplicate key.
Starting meshing
Simulation size in gridpoints: 1 x 85 x 39
Refined 0 mesh cells (0%)
Completed meshing!
Meshing complete in 0 seconds of CPU time
Starting meshing
Simulation size in gridpoints: 1 x 85 x 39
Refined 0 mesh cells (0%)
Completed meshing!
Meshing complete in 0.015625 seconds of CPU time
Starting meshing
Simulation size in gridpoints: 1 x 85 x 39
Refined 0 mesh cells (0%)
Completed meshing!
Meshing complete in 0 seconds of CPU time
Starting meshing
Simulation size in gridpoints: 1 x 85 x 39
Refined 0 mesh cells (0%)
Completed meshing!
Meshing complete in 0.015625 seconds of CPU time
Starting meshing
Simulation size in gridpoints: 1 x 85 x 39
Refined 0 mesh cells (0%)
Completed meshing!
Meshing complete in 0.015625 seconds of CPU time
Starting meshing
Simulation size in gridpoints: 1 x 85 x 39
Refined 0 mesh cells (0%)
Completed meshing!
Meshing complete in 0 seconds of CPU time
left is a duplicate key.
bottom is a duplicate key.
z1 is a duplicate key.
z2 is a duplicate key.
Nx is a duplicate key.
Ny is a duplicate key.
Nz is a duplicate key.
Starting meshing
Simulation size in gridpoints: 1 x 85 x 39
Refined 0 mesh cells (0%)
Completed meshing!
Meshing complete in 0.015625 seconds of CPU time
Starting meshing
Simulation size in gridpoints: 1 x 85 x 39
Refined 0 mesh cells (0%)
Completed meshing!
Meshing complete in 0 seconds of CPU time
Starting meshing
Simulation size in gridpoints: 1 x 85 x 39
Refined 0 mesh cells (0%)
Completed meshing!
Meshing complete in 0.015625 seconds of CPU time
Starting meshing
Simulation size in gridpoints: 1 x 85 x 39
Refined 0 mesh cells (0%)
Completed meshing!
Meshing complete in 0.015625 seconds of CPU time
Starting meshing
Simulation size in gridpoints: 1 x 85 x 39
Refined 0 mesh cells (0%)
Completed meshing!
Meshing complete in 0.015625 seconds of CPU time
Starting meshing
Simulation size in gridpoints: 1 x 85 x 39
Refined 0 mesh cells (0%)
Completed meshing!
Meshing complete in 0 seconds of CPU time
left is a duplicate key.
bottom is a duplicate key.
z1 is a duplicate key.
z2 is a duplicate key.
Nx is a duplicate key.
Ny is a duplicate key.
Nz is a duplicate key.
number of processors is 12
processors are distributed as: 6x2x1
Running 3D Simulation
Starting meshing
Simulation size in gridpoints: 76 x 108 x 53
Refined 0 mesh cells (0%)
Completed meshing!
Meshing complete in 8.48438 seconds of CPU time
0 0
Starting meshing
Simulation size in gridpoints: 76 x 108 x 53
Refined 0 mesh cells (0%)
Completed meshing!
Meshing complete in 4.25 seconds of CPU time
0 0
Starting meshing
Simulation size in gridpoints: 76 x 108 x 53
Refined 0 mesh cells (0%)
Completed meshing!
Meshing complete in 2.03125 seconds of CPU time
0 0
finished material properties
Meshing Time: 10.8637 seconds, Init Electrical Material Time: 0.0302136 seconds, Init Magnetic Material Time: 0.0004859
Using selected optimization level: 2
Selecting 3d kernel for splitFieldDirection=0 and optLevel=2
-----------------------------------------
Beginning initialization of 3D Simulation
Starting to add sources to simulation
Adding 3D Mode source propagating in X
Using frequency dependent profile
Starting to add boundary conditions to simulation
Adding 3D PML BC
Adding 3D Parallel BC
Adding 3D PML BC
Adding 3D Parallel BC
Adding 3D PML BC
Adding 3D PML BC
Starting to add monitors to Simulation
Adding analysis monitor
Adding 3D DFT monitor
Adding 3D DFT monitor
Adding 3D DFT monitor
Adding 3D DFT monitor
Adding 3D DFT monitor
Finished initialization of 3D Simulation
-----------------------------------------
All processes are communicating and ready to proceed to simulation...
Starting 13510 total iterations
0.355303% complete. Max time remaining: 9 mins, 24 secs. Auto Shutoff: 1
1.53965% complete. Max time remaining: 9 mins, 26 secs. Auto Shutoff: 1
2.72399% complete. Max time remaining: 9 mins, 19 secs. Auto Shutoff: 1
3.90833% complete. Max time remaining: 9 mins, 9 secs. Auto Shutoff: 1
5.09267% complete. Max time remaining: 9 mins, 0 secs. Auto Shutoff: 1
6.27702% complete. Max time remaining: 8 mins, 52 secs. Auto Shutoff: 1
7.46136% complete. Max time remaining: 8 mins, 46 secs. Auto Shutoff: 0.956385
8.6457% complete. Max time remaining: 8 mins, 44 secs. Auto Shutoff: 0.957153
9.83005% complete. Max time remaining: 8 mins, 36 secs. Auto Shutoff: 1.0006
11.0144% complete. Max time remaining: 8 mins, 31 secs. Auto Shutoff: 0.959554
12.1987% complete. Max time remaining: 8 mins, 25 secs. Auto Shutoff: 0.956177
13.3831% complete. Max time remaining: 8 mins, 20 secs. Auto Shutoff: 0.97247
14.5674% complete. Max time remaining: 8 mins, 14 secs. Auto Shutoff: 0.96251
15.7518% complete. Max time remaining: 8 mins, 6 secs. Auto Shutoff: 0.956008
16.9361% complete. Max time remaining: 7 mins, 59 secs. Auto Shutoff: 0.962378
18.1204% complete. Max time remaining: 7 mins, 51 secs. Auto Shutoff: 0.970795
19.3048% complete. Max time remaining: 7 mins, 44 secs. Auto Shutoff: 0.958676
20.4891% complete. Max time remaining: 7 mins, 36 secs. Auto Shutoff: 0.961941
21.6735% complete. Max time remaining: 7 mins, 30 secs. Auto Shutoff: 0.968699
22.8578% complete. Max time remaining: 7 mins, 23 secs. Auto Shutoff: 0.970101
24.0422% complete. Max time remaining: 7 mins, 18 secs. Auto Shutoff: 0.947847
25.2265% complete. Max time remaining: 7 mins, 12 secs. Auto Shutoff: 0.762821
26.4108% complete. Max time remaining: 7 mins, 6 secs. Auto Shutoff: 0.0997972
27.5952% complete. Max time remaining: 6 mins, 59 secs. Auto Shutoff: 0.0334045
28.7795% complete. Max time remaining: 6 mins, 51 secs. Auto Shutoff: 0.00211707
29.9639% complete. Max time remaining: 6 mins, 43 secs. Auto Shutoff: 0.000102439
31.1482% complete. Max time remaining: 6 mins, 36 secs. Auto Shutoff: 2.20239e-05
32.3326% complete. Max time remaining: 6 mins, 28 secs. Auto Shutoff: 2.04352e-05
33.5169% complete. Max time remaining: 6 mins, 21 secs. Auto Shutoff: 1.79128e-05
34.7012% complete. Max time remaining: 6 mins, 13 secs. Auto Shutoff: 1.55419e-05
35.8856% complete. Max time remaining: 6 mins, 6 secs. Auto Shutoff: 1.44922e-05
37.0699% complete. Max time remaining: 5 mins, 59 secs. Auto Shutoff: 1.24161e-05
38.2543% complete. Max time remaining: 5 mins, 52 secs. Auto Shutoff: 1.10847e-05
100% complete. Max time remaining: 0 mins, 0 secs. Auto Shutoff: 9.97802e-06
Early termination of simulation, the autoshutoff criteria are satisfied.
Completed 5177 iterations, or 3.832089e-13s of Simulation Time
Process 0 starting to collect data
    collecting monitor data
    collecting source data
Using frequency dependent profile
Finished collecting data
left is a duplicate key.
bottom is a duplicate key.
z1 is a duplicate key.
z2 is a duplicate key.
Nx is a duplicate key.
Ny is a duplicate key.
Nz is a duplicate key.
left is a duplicate key.
bottom is a duplicate key.
z1 is a duplicate key.
z2 is a duplicate key.
Nx is a duplicate key.
Ny is a duplicate key.
Nz is a duplicate key.
left is a duplicate key.
bottom is a duplicate key.
z1 is a duplicate key.
z2 is a duplicate key.
Nx is a duplicate key.
Ny is a duplicate key.
Nz is a duplicate key.
left is a duplicate key.
bottom is a duplicate key.
z1 is a duplicate key.
z2 is a duplicate key.
Nx is a duplicate key.
Ny is a duplicate key.
Nz is a duplicate key.
Simulation completed successfully at: Mon Jun 23 22:55:39 2025
Overall wall time measurements in seconds: 243.147
    time to mesh and initialize: 15.6284
    time to run FDTD simulation: 218.276
    time to checkpoint simulation: 4e-07
    time to finalize data and save to files: 5.9809
    miscellaneous time: 3.2623
    FDTD solver speed on process 0: 10.3178 Mnodes/s
    total FDTD solver speed on 12 processes: 123.813 Mnodes/s
